
AVRASM ver. 2.1.30  C:\Users\qjatn\Desktop\ATMEGA128\LCD_PROGRAM\List\LCD_demoboard.asm Sat May 06 17:12:45 2017

C:\Users\qjatn\Desktop\ATMEGA128\LCD_PROGRAM\List\LCD_demoboard.asm(1061): warning: Register r5 already defined by the .DEF directive
C:\Users\qjatn\Desktop\ATMEGA128\LCD_PROGRAM\List\LCD_demoboard.asm(1062): warning: Register r4 already defined by the .DEF directive
C:\Users\qjatn\Desktop\ATMEGA128\LCD_PROGRAM\List\LCD_demoboard.asm(1063): warning: Register r7 already defined by the .DEF directive
C:\Users\qjatn\Desktop\ATMEGA128\LCD_PROGRAM\List\LCD_demoboard.asm(1064): warning: Register r6 already defined by the .DEF directive
                 
                 
                 ;CodeVisionAVR C Compiler V2.05.0 Professional
                 ;(C) Copyright 1998-2010 Pavel Haiduc, HP InfoTech s.r.l.
                 ;http://www.hpinfotech.com
                 
                 ;Chip type                : ATmega128
                 ;Program type             : Application
                 ;Clock frequency          : 4.000000 MHz
                 ;Memory model             : Small
                 ;Optimize for             : Size
                 ;(s)printf features       : int, width
                 ;(s)scanf features        : int, width
                 ;External RAM size        : 0
                 ;Data Stack size          : 1024 byte(s)
                 ;Heap size                : 0 byte(s)
                 ;Promote 'char' to 'int'  : No
                 ;'char' is unsigned       : Yes
                 ;8 bit enums              : Yes
                 ;global 'const' stored in FLASH: Yes
                 ;Enhanced core instructions    : On
                 ;Smart register allocation     : On
                 ;Automatic register allocation : On
                 
                 	#pragma AVRPART ADMIN PART_NAME ATmega128
                 	#pragma AVRPART MEMORY PROG_FLASH 131072
                 	#pragma AVRPART MEMORY EEPROM 4096
                 	#pragma AVRPART MEMORY INT_SRAM SIZE 4351
                 	#pragma AVRPART MEMORY INT_SRAM START_ADDR 0x100
                 
                 	#define CALL_SUPPORTED 1
                 
                 	.LISTMAC
                 	.EQU UDRE=0x5
                 	.EQU RXC=0x7
                 	.EQU USR=0xB
                 	.EQU UDR=0xC
                 	.EQU SPSR=0xE
                 	.EQU SPDR=0xF
                 	.EQU EERE=0x0
                 	.EQU EEWE=0x1
                 	.EQU EEMWE=0x2
                 	.EQU EECR=0x1C
                 	.EQU EEDR=0x1D
                 	.EQU EEARL=0x1E
                 	.EQU EEARH=0x1F
                 	.EQU WDTCR=0x21
                 	.EQU MCUCR=0x35
                 	.EQU RAMPZ=0x3B
                 	.EQU SPL=0x3D
                 	.EQU SPH=0x3E
                 	.EQU SREG=0x3F
                 	.EQU XMCRA=0x6D
                 	.EQU XMCRB=0x6C
                 
                 	.DEF R0X0=R0
                 	.DEF R0X1=R1
                 	.DEF R0X2=R2
                 	.DEF R0X3=R3
                 	.DEF R0X4=R4
                 	.DEF R0X5=R5
                 	.DEF R0X6=R6
                 	.DEF R0X7=R7
                 	.DEF R0X8=R8
                 	.DEF R0X9=R9
                 	.DEF R0XA=R10
                 	.DEF R0XB=R11
                 	.DEF R0XC=R12
                 	.DEF R0XD=R13
                 	.DEF R0XE=R14
                 	.DEF R0XF=R15
                 	.DEF R0X10=R16
                 	.DEF R0X11=R17
                 	.DEF R0X12=R18
                 	.DEF R0X13=R19
                 	.DEF R0X14=R20
                 	.DEF R0X15=R21
                 	.DEF R0X16=R22
                 	.DEF R0X17=R23
                 	.DEF R0X18=R24
                 	.DEF R0X19=R25
                 	.DEF R0X1A=R26
                 	.DEF R0X1B=R27
                 	.DEF R0X1C=R28
                 	.DEF R0X1D=R29
                 	.DEF R0X1E=R30
                 	.DEF R0X1F=R31
                 
                 	.EQU __SRAM_START=0x0100
                 	.EQU __SRAM_END=0x10FF
                 	.EQU __DSTACK_SIZE=0x0400
                 	.EQU __HEAP_SIZE=0x0000
                 	.EQU __CLEAR_SRAM_SIZE=__SRAM_END-__SRAM_START+1
                 
                 	.MACRO __CPD1N
                 	CPI  R30,LOW(@0)
                 	LDI  R26,HIGH(@0)
                 	CPC  R31,R26
                 	LDI  R26,BYTE3(@0)
                 	CPC  R22,R26
                 	LDI  R26,BYTE4(@0)
                 	CPC  R23,R26
                 	.ENDM
                 
                 	.MACRO __CPD2N
                 	CPI  R26,LOW(@0)
                 	LDI  R30,HIGH(@0)
                 	CPC  R27,R30
                 	LDI  R30,BYTE3(@0)
                 	CPC  R24,R30
                 	LDI  R30,BYTE4(@0)
                 	CPC  R25,R30
                 	.ENDM
                 
                 	.MACRO __CPWRR
                 	CP   R@0,R@2
                 	CPC  R@1,R@3
                 	.ENDM
                 
                 	.MACRO __CPWRN
                 	CPI  R@0,LOW(@2)
                 	LDI  R30,HIGH(@2)
                 	CPC  R@1,R30
                 	.ENDM
                 
                 	.MACRO __ADDB1MN
                 	SUBI R30,LOW(-@0-(@1))
                 	.ENDM
                 
                 	.MACRO __ADDB2MN
                 	SUBI R26,LOW(-@0-(@1))
                 	.ENDM
                 
                 	.MACRO __ADDW1MN
                 	SUBI R30,LOW(-@0-(@1))
                 	SBCI R31,HIGH(-@0-(@1))
                 	.ENDM
                 
                 	.MACRO __ADDW2MN
                 	SUBI R26,LOW(-@0-(@1))
                 	SBCI R27,HIGH(-@0-(@1))
                 	.ENDM
                 
                 	.MACRO __ADDW1FN
                 	SUBI R30,LOW(-2*@0-(@1))
                 	SBCI R31,HIGH(-2*@0-(@1))
                 	.ENDM
                 
                 	.MACRO __ADDD1FN
                 	SUBI R30,LOW(-2*@0-(@1))
                 	SBCI R31,HIGH(-2*@0-(@1))
                 	SBCI R22,BYTE3(-2*@0-(@1))
                 	.ENDM
                 
                 	.MACRO __ADDD1N
                 	SUBI R30,LOW(-@0)
                 	SBCI R31,HIGH(-@0)
                 	SBCI R22,BYTE3(-@0)
                 	SBCI R23,BYTE4(-@0)
                 	.ENDM
                 
                 	.MACRO __ADDD2N
                 	SUBI R26,LOW(-@0)
                 	SBCI R27,HIGH(-@0)
                 	SBCI R24,BYTE3(-@0)
                 	SBCI R25,BYTE4(-@0)
                 	.ENDM
                 
                 	.MACRO __SUBD1N
                 	SUBI R30,LOW(@0)
                 	SBCI R31,HIGH(@0)
                 	SBCI R22,BYTE3(@0)
                 	SBCI R23,BYTE4(@0)
                 	.ENDM
                 
                 	.MACRO __SUBD2N
                 	SUBI R26,LOW(@0)
                 	SBCI R27,HIGH(@0)
                 	SBCI R24,BYTE3(@0)
                 	SBCI R25,BYTE4(@0)
                 	.ENDM
                 
                 	.MACRO __ANDBMNN
                 	LDS  R30,@0+(@1)
                 	ANDI R30,LOW(@2)
                 	STS  @0+(@1),R30
                 	.ENDM
                 
                 	.MACRO __ANDWMNN
                 	LDS  R30,@0+(@1)
                 	ANDI R30,LOW(@2)
                 	STS  @0+(@1),R30
                 	LDS  R30,@0+(@1)+1
                 	ANDI R30,HIGH(@2)
                 	STS  @0+(@1)+1,R30
                 	.ENDM
                 
                 	.MACRO __ANDD1N
                 	ANDI R30,LOW(@0)
                 	ANDI R31,HIGH(@0)
                 	ANDI R22,BYTE3(@0)
                 	ANDI R23,BYTE4(@0)
                 	.ENDM
                 
                 	.MACRO __ANDD2N
                 	ANDI R26,LOW(@0)
                 	ANDI R27,HIGH(@0)
                 	ANDI R24,BYTE3(@0)
                 	ANDI R25,BYTE4(@0)
                 	.ENDM
                 
                 	.MACRO __ORBMNN
                 	LDS  R30,@0+(@1)
                 	ORI  R30,LOW(@2)
                 	STS  @0+(@1),R30
                 	.ENDM
                 
                 	.MACRO __ORWMNN
                 	LDS  R30,@0+(@1)
                 	ORI  R30,LOW(@2)
                 	STS  @0+(@1),R30
                 	LDS  R30,@0+(@1)+1
                 	ORI  R30,HIGH(@2)
                 	STS  @0+(@1)+1,R30
                 	.ENDM
                 
                 	.MACRO __ORD1N
                 	ORI  R30,LOW(@0)
                 	ORI  R31,HIGH(@0)
                 	ORI  R22,BYTE3(@0)
                 	ORI  R23,BYTE4(@0)
                 	.ENDM
                 
                 	.MACRO __ORD2N
                 	ORI  R26,LOW(@0)
                 	ORI  R27,HIGH(@0)
                 	ORI  R24,BYTE3(@0)
                 	ORI  R25,BYTE4(@0)
                 	.ENDM
                 
                 	.MACRO __DELAY_USB
                 	LDI  R24,LOW(@0)
                 __DELAY_USB_LOOP:
                 	DEC  R24
                 	BRNE __DELAY_USB_LOOP
                 	.ENDM
                 
                 	.MACRO __DELAY_USW
                 	LDI  R24,LOW(@0)
                 	LDI  R25,HIGH(@0)
                 __DELAY_USW_LOOP:
                 	SBIW R24,1
                 	BRNE __DELAY_USW_LOOP
                 	.ENDM
                 
                 	.MACRO __GETD1S
                 	LDD  R30,Y+@0
                 	LDD  R31,Y+@0+1
                 	LDD  R22,Y+@0+2
                 	LDD  R23,Y+@0+3
                 	.ENDM
                 
                 	.MACRO __GETD2S
                 	LDD  R26,Y+@0
                 	LDD  R27,Y+@0+1
                 	LDD  R24,Y+@0+2
                 	LDD  R25,Y+@0+3
                 	.ENDM
                 
                 	.MACRO __PUTD1S
                 	STD  Y+@0,R30
                 	STD  Y+@0+1,R31
                 	STD  Y+@0+2,R22
                 	STD  Y+@0+3,R23
                 	.ENDM
                 
                 	.MACRO __PUTD2S
                 	STD  Y+@0,R26
                 	STD  Y+@0+1,R27
                 	STD  Y+@0+2,R24
                 	STD  Y+@0+3,R25
                 	.ENDM
                 
                 	.MACRO __PUTDZ2
                 	STD  Z+@0,R26
                 	STD  Z+@0+1,R27
                 	STD  Z+@0+2,R24
                 	STD  Z+@0+3,R25
                 	.ENDM
                 
                 	.MACRO __CLRD1S
                 	STD  Y+@0,R30
                 	STD  Y+@0+1,R30
                 	STD  Y+@0+2,R30
                 	STD  Y+@0+3,R30
                 	.ENDM
                 
                 	.MACRO __POINTB1MN
                 	LDI  R30,LOW(@0+(@1))
                 	.ENDM
                 
                 	.MACRO __POINTW1MN
                 	LDI  R30,LOW(@0+(@1))
                 	LDI  R31,HIGH(@0+(@1))
                 	.ENDM
                 
                 	.MACRO __POINTD1M
                 	LDI  R30,LOW(@0)
                 	LDI  R31,HIGH(@0)
                 	LDI  R22,BYTE3(@0)
                 	LDI  R23,BYTE4(@0)
                 	.ENDM
                 
                 	.MACRO __POINTW1FN
                 	LDI  R30,LOW(2*@0+(@1))
                 	LDI  R31,HIGH(2*@0+(@1))
                 	.ENDM
                 
                 	.MACRO __POINTD1FN
                 	LDI  R30,LOW(2*@0+(@1))
                 	LDI  R31,HIGH(2*@0+(@1))
                 	LDI  R22,BYTE3(2*@0+(@1))
                 	LDI  R23,BYTE4(2*@0+(@1))
                 	.ENDM
                 
                 	.MACRO __POINTB2MN
                 	LDI  R26,LOW(@0+(@1))
                 	.ENDM
                 
                 	.MACRO __POINTW2MN
                 	LDI  R26,LOW(@0+(@1))
                 	LDI  R27,HIGH(@0+(@1))
                 	.ENDM
                 
                 	.MACRO __POINTBRM
                 	LDI  R@0,LOW(@1)
                 	.ENDM
                 
                 	.MACRO __POINTWRM
                 	LDI  R@0,LOW(@2)
                 	LDI  R@1,HIGH(@2)
                 	.ENDM
                 
                 	.MACRO __POINTBRMN
                 	LDI  R@0,LOW(@1+(@2))
                 	.ENDM
                 
                 	.MACRO __POINTWRMN
                 	LDI  R@0,LOW(@2+(@3))
                 	LDI  R@1,HIGH(@2+(@3))
                 	.ENDM
                 
                 	.MACRO __POINTWRFN
                 	LDI  R@0,LOW(@2*2+(@3))
                 	LDI  R@1,HIGH(@2*2+(@3))
                 	.ENDM
                 
                 	.MACRO __GETD1N
                 	LDI  R30,LOW(@0)
                 	LDI  R31,HIGH(@0)
                 	LDI  R22,BYTE3(@0)
                 	LDI  R23,BYTE4(@0)
                 	.ENDM
                 
                 	.MACRO __GETD2N
                 	LDI  R26,LOW(@0)
                 	LDI  R27,HIGH(@0)
                 	LDI  R24,BYTE3(@0)
                 	LDI  R25,BYTE4(@0)
                 	.ENDM
                 
                 	.MACRO __GETB1MN
                 	LDS  R30,@0+(@1)
                 	.ENDM
                 
                 	.MACRO __GETB1HMN
                 	LDS  R31,@0+(@1)
                 	.ENDM
                 
                 	.MACRO __GETW1MN
                 	LDS  R30,@0+(@1)
                 	LDS  R31,@0+(@1)+1
                 	.ENDM
                 
                 	.MACRO __GETD1MN
                 	LDS  R30,@0+(@1)
                 	LDS  R31,@0+(@1)+1
                 	LDS  R22,@0+(@1)+2
                 	LDS  R23,@0+(@1)+3
                 	.ENDM
                 
                 	.MACRO __GETBRMN
                 	LDS  R@0,@1+(@2)
                 	.ENDM
                 
                 	.MACRO __GETWRMN
                 	LDS  R@0,@2+(@3)
                 	LDS  R@1,@2+(@3)+1
                 	.ENDM
                 
                 	.MACRO __GETWRZ
                 	LDD  R@0,Z+@2
                 	LDD  R@1,Z+@2+1
                 	.ENDM
                 
                 	.MACRO __GETD2Z
                 	LDD  R26,Z+@0
                 	LDD  R27,Z+@0+1
                 	LDD  R24,Z+@0+2
                 	LDD  R25,Z+@0+3
                 	.ENDM
                 
                 	.MACRO __GETB2MN
                 	LDS  R26,@0+(@1)
                 	.ENDM
                 
                 	.MACRO __GETW2MN
                 	LDS  R26,@0+(@1)
                 	LDS  R27,@0+(@1)+1
                 	.ENDM
                 
                 	.MACRO __GETD2MN
                 	LDS  R26,@0+(@1)
                 	LDS  R27,@0+(@1)+1
                 	LDS  R24,@0+(@1)+2
                 	LDS  R25,@0+(@1)+3
                 	.ENDM
                 
                 	.MACRO __PUTB1MN
                 	STS  @0+(@1),R30
                 	.ENDM
                 
                 	.MACRO __PUTW1MN
                 	STS  @0+(@1),R30
                 	STS  @0+(@1)+1,R31
                 	.ENDM
                 
                 	.MACRO __PUTD1MN
                 	STS  @0+(@1),R30
                 	STS  @0+(@1)+1,R31
                 	STS  @0+(@1)+2,R22
                 	STS  @0+(@1)+3,R23
                 	.ENDM
                 
                 	.MACRO __PUTB1EN
                 	LDI  R26,LOW(@0+(@1))
                 	LDI  R27,HIGH(@0+(@1))
                 	CALL __EEPROMWRB
                 	.ENDM
                 
                 	.MACRO __PUTW1EN
                 	LDI  R26,LOW(@0+(@1))
                 	LDI  R27,HIGH(@0+(@1))
                 	CALL __EEPROMWRW
                 	.ENDM
                 
                 	.MACRO __PUTD1EN
                 	LDI  R26,LOW(@0+(@1))
                 	LDI  R27,HIGH(@0+(@1))
                 	CALL __EEPROMWRD
                 	.ENDM
                 
                 	.MACRO __PUTBR0MN
                 	STS  @0+(@1),R0
                 	.ENDM
                 
                 	.MACRO __PUTBMRN
                 	STS  @0+(@1),R@2
                 	.ENDM
                 
                 	.MACRO __PUTWMRN
                 	STS  @0+(@1),R@2
                 	STS  @0+(@1)+1,R@3
                 	.ENDM
                 
                 	.MACRO __PUTBZR
                 	STD  Z+@1,R@0
                 	.ENDM
                 
                 	.MACRO __PUTWZR
                 	STD  Z+@2,R@0
                 	STD  Z+@2+1,R@1
                 	.ENDM
                 
                 	.MACRO __GETW1R
                 	MOV  R30,R@0
                 	MOV  R31,R@1
                 	.ENDM
                 
                 	.MACRO __GETW2R
                 	MOV  R26,R@0
                 	MOV  R27,R@1
                 	.ENDM
                 
                 	.MACRO __GETWRN
                 	LDI  R@0,LOW(@2)
                 	LDI  R@1,HIGH(@2)
                 	.ENDM
                 
                 	.MACRO __PUTW1R
                 	MOV  R@0,R30
                 	MOV  R@1,R31
                 	.ENDM
                 
                 	.MACRO __PUTW2R
                 	MOV  R@0,R26
                 	MOV  R@1,R27
                 	.ENDM
                 
                 	.MACRO __ADDWRN
                 	SUBI R@0,LOW(-@2)
                 	SBCI R@1,HIGH(-@2)
                 	.ENDM
                 
                 	.MACRO __ADDWRR
                 	ADD  R@0,R@2
                 	ADC  R@1,R@3
                 	.ENDM
                 
                 	.MACRO __SUBWRN
                 	SUBI R@0,LOW(@2)
                 	SBCI R@1,HIGH(@2)
                 	.ENDM
                 
                 	.MACRO __SUBWRR
                 	SUB  R@0,R@2
                 	SBC  R@1,R@3
                 	.ENDM
                 
                 	.MACRO __ANDWRN
                 	ANDI R@0,LOW(@2)
                 	ANDI R@1,HIGH(@2)
                 	.ENDM
                 
                 	.MACRO __ANDWRR
                 	AND  R@0,R@2
                 	AND  R@1,R@3
                 	.ENDM
                 
                 	.MACRO __ORWRN
                 	ORI  R@0,LOW(@2)
                 	ORI  R@1,HIGH(@2)
                 	.ENDM
                 
                 	.MACRO __ORWRR
                 	OR   R@0,R@2
                 	OR   R@1,R@3
                 	.ENDM
                 
                 	.MACRO __EORWRR
                 	EOR  R@0,R@2
                 	EOR  R@1,R@3
                 	.ENDM
                 
                 	.MACRO __GETWRS
                 	LDD  R@0,Y+@2
                 	LDD  R@1,Y+@2+1
                 	.ENDM
                 
                 	.MACRO __PUTBSR
                 	STD  Y+@1,R@0
                 	.ENDM
                 
                 	.MACRO __PUTWSR
                 	STD  Y+@2,R@0
                 	STD  Y+@2+1,R@1
                 	.ENDM
                 
                 	.MACRO __MOVEWRR
                 	MOV  R@0,R@2
                 	MOV  R@1,R@3
                 	.ENDM
                 
                 	.MACRO __INWR
                 	IN   R@0,@2
                 	IN   R@1,@2+1
                 	.ENDM
                 
                 	.MACRO __OUTWR
                 	OUT  @2+1,R@1
                 	OUT  @2,R@0
                 	.ENDM
                 
                 	.MACRO __CALL1MN
                 	LDS  R30,@0+(@1)
                 	LDS  R31,@0+(@1)+1
                 	ICALL
                 	.ENDM
                 
                 	.MACRO __CALL1FN
                 	LDI  R30,LOW(2*@0+(@1))
                 	LDI  R31,HIGH(2*@0+(@1))
                 	CALL __GETW1PF
                 	ICALL
                 	.ENDM
                 
                 	.MACRO __CALL2EN
                 	LDI  R26,LOW(@0+(@1))
                 	LDI  R27,HIGH(@0+(@1))
                 	CALL __EEPROMRDW
                 	ICALL
                 	.ENDM
                 
                 	.MACRO __GETW1STACK
                 	IN   R26,SPL
                 	IN   R27,SPH
                 	ADIW R26,@0+1
                 	LD   R30,X+
                 	LD   R31,X
                 	.ENDM
                 
                 	.MACRO __GETD1STACK
                 	IN   R26,SPL
                 	IN   R27,SPH
                 	ADIW R26,@0+1
                 	LD   R30,X+
                 	LD   R31,X+
                 	LD   R22,X
                 	.ENDM
                 
                 	.MACRO __NBST
                 	BST  R@0,@1
                 	IN   R30,SREG
                 	LDI  R31,0x40
                 	EOR  R30,R31
                 	OUT  SREG,R30
                 	.ENDM
                 
                 
                 	.MACRO __PUTB1SN
                 	LDD  R26,Y+@0
                 	LDD  R27,Y+@0+1
                 	SUBI R26,LOW(-@1)
                 	SBCI R27,HIGH(-@1)
                 	ST   X,R30
                 	.ENDM
                 
                 	.MACRO __PUTW1SN
                 	LDD  R26,Y+@0
                 	LDD  R27,Y+@0+1
                 	SUBI R26,LOW(-@1)
                 	SBCI R27,HIGH(-@1)
                 	ST   X+,R30
                 	ST   X,R31
                 	.ENDM
                 
                 	.MACRO __PUTD1SN
                 	LDD  R26,Y+@0
                 	LDD  R27,Y+@0+1
                 	SUBI R26,LOW(-@1)
                 	SBCI R27,HIGH(-@1)
                 	CALL __PUTDP1
                 	.ENDM
                 
                 	.MACRO __PUTB1SNS
                 	LDD  R26,Y+@0
                 	LDD  R27,Y+@0+1
                 	ADIW R26,@1
                 	ST   X,R30
                 	.ENDM
                 
                 	.MACRO __PUTW1SNS
                 	LDD  R26,Y+@0
                 	LDD  R27,Y+@0+1
                 	ADIW R26,@1
                 	ST   X+,R30
                 	ST   X,R31
                 	.ENDM
                 
                 	.MACRO __PUTD1SNS
                 	LDD  R26,Y+@0
                 	LDD  R27,Y+@0+1
                 	ADIW R26,@1
                 	CALL __PUTDP1
                 	.ENDM
                 
                 	.MACRO __PUTB1PMN
                 	LDS  R26,@0
                 	LDS  R27,@0+1
                 	SUBI R26,LOW(-@1)
                 	SBCI R27,HIGH(-@1)
                 	ST   X,R30
                 	.ENDM
                 
                 	.MACRO __PUTW1PMN
                 	LDS  R26,@0
                 	LDS  R27,@0+1
                 	SUBI R26,LOW(-@1)
                 	SBCI R27,HIGH(-@1)
                 	ST   X+,R30
                 	ST   X,R31
                 	.ENDM
                 
                 	.MACRO __PUTD1PMN
                 	LDS  R26,@0
                 	LDS  R27,@0+1
                 	SUBI R26,LOW(-@1)
                 	SBCI R27,HIGH(-@1)
                 	CALL __PUTDP1
                 	.ENDM
                 
                 	.MACRO __PUTB1PMNS
                 	LDS  R26,@0
                 	LDS  R27,@0+1
                 	ADIW R26,@1
                 	ST   X,R30
                 	.ENDM
                 
                 	.MACRO __PUTW1PMNS
                 	LDS  R26,@0
                 	LDS  R27,@0+1
                 	ADIW R26,@1
                 	ST   X+,R30
                 	ST   X,R31
                 	.ENDM
                 
                 	.MACRO __PUTD1PMNS
                 	LDS  R26,@0
                 	LDS  R27,@0+1
                 	ADIW R26,@1
                 	CALL __PUTDP1
                 	.ENDM
                 
                 	.MACRO __PUTB1RN
                 	MOVW R26,R@0
                 	SUBI R26,LOW(-@1)
                 	SBCI R27,HIGH(-@1)
                 	ST   X,R30
                 	.ENDM
                 
                 	.MACRO __PUTW1RN
                 	MOVW R26,R@0
                 	SUBI R26,LOW(-@1)
                 	SBCI R27,HIGH(-@1)
                 	ST   X+,R30
                 	ST   X,R31
                 	.ENDM
                 
                 	.MACRO __PUTD1RN
                 	MOVW R26,R@0
                 	SUBI R26,LOW(-@1)
                 	SBCI R27,HIGH(-@1)
                 	CALL __PUTDP1
                 	.ENDM
                 
                 	.MACRO __PUTB1RNS
                 	MOVW R26,R@0
                 	ADIW R26,@1
                 	ST   X,R30
                 	.ENDM
                 
                 	.MACRO __PUTW1RNS
                 	MOVW R26,R@0
                 	ADIW R26,@1
                 	ST   X+,R30
                 	ST   X,R31
                 	.ENDM
                 
                 	.MACRO __PUTD1RNS
                 	MOVW R26,R@0
                 	ADIW R26,@1
                 	CALL __PUTDP1
                 	.ENDM
                 
                 	.MACRO __PUTB1RON
                 	MOV  R26,R@0
                 	MOV  R27,R@1
                 	SUBI R26,LOW(-@2)
                 	SBCI R27,HIGH(-@2)
                 	ST   X,R30
                 	.ENDM
                 
                 	.MACRO __PUTW1RON
                 	MOV  R26,R@0
                 	MOV  R27,R@1
                 	SUBI R26,LOW(-@2)
                 	SBCI R27,HIGH(-@2)
                 	ST   X+,R30
                 	ST   X,R31
                 	.ENDM
                 
                 	.MACRO __PUTD1RON
                 	MOV  R26,R@0
                 	MOV  R27,R@1
                 	SUBI R26,LOW(-@2)
                 	SBCI R27,HIGH(-@2)
                 	CALL __PUTDP1
                 	.ENDM
                 
                 	.MACRO __PUTB1RONS
                 	MOV  R26,R@0
                 	MOV  R27,R@1
                 	ADIW R26,@2
                 	ST   X,R30
                 	.ENDM
                 
                 	.MACRO __PUTW1RONS
                 	MOV  R26,R@0
                 	MOV  R27,R@1
                 	ADIW R26,@2
                 	ST   X+,R30
                 	ST   X,R31
                 	.ENDM
                 
                 	.MACRO __PUTD1RONS
                 	MOV  R26,R@0
                 	MOV  R27,R@1
                 	ADIW R26,@2
                 	CALL __PUTDP1
                 	.ENDM
                 
                 
                 	.MACRO __GETB1SX
                 	MOVW R30,R28
                 	SUBI R30,LOW(-@0)
                 	SBCI R31,HIGH(-@0)
                 	LD   R30,Z
                 	.ENDM
                 
                 	.MACRO __GETB1HSX
                 	MOVW R30,R28
                 	SUBI R30,LOW(-@0)
                 	SBCI R31,HIGH(-@0)
                 	LD   R31,Z
                 	.ENDM
                 
                 	.MACRO __GETW1SX
                 	MOVW R30,R28
                 	SUBI R30,LOW(-@0)
                 	SBCI R31,HIGH(-@0)
                 	LD   R0,Z+
                 	LD   R31,Z
                 	MOV  R30,R0
                 	.ENDM
                 
                 	.MACRO __GETD1SX
                 	MOVW R30,R28
                 	SUBI R30,LOW(-@0)
                 	SBCI R31,HIGH(-@0)
                 	LD   R0,Z+
                 	LD   R1,Z+
                 	LD   R22,Z+
                 	LD   R23,Z
                 	MOVW R30,R0
                 	.ENDM
                 
                 	.MACRO __GETB2SX
                 	MOVW R26,R28
                 	SUBI R26,LOW(-@0)
                 	SBCI R27,HIGH(-@0)
                 	LD   R26,X
                 	.ENDM
                 
                 	.MACRO __GETW2SX
                 	MOVW R26,R28
                 	SUBI R26,LOW(-@0)
                 	SBCI R27,HIGH(-@0)
                 	LD   R0,X+
                 	LD   R27,X
                 	MOV  R26,R0
                 	.ENDM
                 
                 	.MACRO __GETD2SX
                 	MOVW R26,R28
                 	SUBI R26,LOW(-@0)
                 	SBCI R27,HIGH(-@0)
                 	LD   R0,X+
                 	LD   R1,X+
                 	LD   R24,X+
                 	LD   R25,X
                 	MOVW R26,R0
                 	.ENDM
                 
                 	.MACRO __GETBRSX
                 	MOVW R30,R28
                 	SUBI R30,LOW(-@1)
                 	SBCI R31,HIGH(-@1)
                 	LD   R@0,Z
                 	.ENDM
                 
                 	.MACRO __GETWRSX
                 	MOVW R30,R28
                 	SUBI R30,LOW(-@2)
                 	SBCI R31,HIGH(-@2)
                 	LD   R@0,Z+
                 	LD   R@1,Z
                 	.ENDM
                 
                 	.MACRO __GETBRSX2
                 	MOVW R26,R28
                 	SUBI R26,LOW(-@1)
                 	SBCI R27,HIGH(-@1)
                 	LD   R@0,X
                 	.ENDM
                 
                 	.MACRO __GETWRSX2
                 	MOVW R26,R28
                 	SUBI R26,LOW(-@2)
                 	SBCI R27,HIGH(-@2)
                 	LD   R@0,X+
                 	LD   R@1,X
                 	.ENDM
                 
                 	.MACRO __LSLW8SX
                 	MOVW R30,R28
                 	SUBI R30,LOW(-@0)
                 	SBCI R31,HIGH(-@0)
                 	LD   R31,Z
                 	CLR  R30
                 	.ENDM
                 
                 	.MACRO __PUTB1SX
                 	MOVW R26,R28
                 	SUBI R26,LOW(-@0)
                 	SBCI R27,HIGH(-@0)
                 	ST   X,R30
                 	.ENDM
                 
                 	.MACRO __PUTW1SX
                 	MOVW R26,R28
                 	SUBI R26,LOW(-@0)
                 	SBCI R27,HIGH(-@0)
                 	ST   X+,R30
                 	ST   X,R31
                 	.ENDM
                 
                 	.MACRO __PUTD1SX
                 	MOVW R26,R28
                 	SUBI R26,LOW(-@0)
                 	SBCI R27,HIGH(-@0)
                 	ST   X+,R30
                 	ST   X+,R31
                 	ST   X+,R22
                 	ST   X,R23
                 	.ENDM
                 
                 	.MACRO __CLRW1SX
                 	MOVW R26,R28
                 	SUBI R26,LOW(-@0)
                 	SBCI R27,HIGH(-@0)
                 	ST   X+,R30
                 	ST   X,R30
                 	.ENDM
                 
                 	.MACRO __CLRD1SX
                 	MOVW R26,R28
                 	SUBI R26,LOW(-@0)
                 	SBCI R27,HIGH(-@0)
                 	ST   X+,R30
                 	ST   X+,R30
                 	ST   X+,R30
                 	ST   X,R30
                 	.ENDM
                 
                 	.MACRO __PUTB2SX
                 	MOVW R30,R28
                 	SUBI R30,LOW(-@0)
                 	SBCI R31,HIGH(-@0)
                 	ST   Z,R26
                 	.ENDM
                 
                 	.MACRO __PUTW2SX
                 	MOVW R30,R28
                 	SUBI R30,LOW(-@0)
                 	SBCI R31,HIGH(-@0)
                 	ST   Z+,R26
                 	ST   Z,R27
                 	.ENDM
                 
                 	.MACRO __PUTD2SX
                 	MOVW R30,R28
                 	SUBI R30,LOW(-@0)
                 	SBCI R31,HIGH(-@0)
                 	ST   Z+,R26
                 	ST   Z+,R27
                 	ST   Z+,R24
                 	ST   Z,R25
                 	.ENDM
                 
                 	.MACRO __PUTBSRX
                 	MOVW R30,R28
                 	SUBI R30,LOW(-@1)
                 	SBCI R31,HIGH(-@1)
                 	ST   Z,R@0
                 	.ENDM
                 
                 	.MACRO __PUTWSRX
                 	MOVW R30,R28
                 	SUBI R30,LOW(-@2)
                 	SBCI R31,HIGH(-@2)
                 	ST   Z+,R@0
                 	ST   Z,R@1
                 	.ENDM
                 
                 	.MACRO __PUTB1SNX
                 	MOVW R26,R28
                 	SUBI R26,LOW(-@0)
                 	SBCI R27,HIGH(-@0)
                 	LD   R0,X+
                 	LD   R27,X
                 	MOV  R26,R0
                 	SUBI R26,LOW(-@1)
                 	SBCI R27,HIGH(-@1)
                 	ST   X,R30
                 	.ENDM
                 
                 	.MACRO __PUTW1SNX
                 	MOVW R26,R28
                 	SUBI R26,LOW(-@0)
                 	SBCI R27,HIGH(-@0)
                 	LD   R0,X+
                 	LD   R27,X
                 	MOV  R26,R0
                 	SUBI R26,LOW(-@1)
                 	SBCI R27,HIGH(-@1)
                 	ST   X+,R30
                 	ST   X,R31
                 	.ENDM
                 
                 	.MACRO __PUTD1SNX
                 	MOVW R26,R28
                 	SUBI R26,LOW(-@0)
                 	SBCI R27,HIGH(-@0)
                 	LD   R0,X+
                 	LD   R27,X
                 	MOV  R26,R0
                 	SUBI R26,LOW(-@1)
                 	SBCI R27,HIGH(-@1)
                 	ST   X+,R30
                 	ST   X+,R31
                 	ST   X+,R22
                 	ST   X,R23
                 	.ENDM
                 
                 	.MACRO __MULBRR
                 	MULS R@0,R@1
                 	MOVW R30,R0
                 	.ENDM
                 
                 	.MACRO __MULBRRU
                 	MUL  R@0,R@1
                 	MOVW R30,R0
                 	.ENDM
                 
                 	.MACRO __MULBRR0
                 	MULS R@0,R@1
                 	.ENDM
                 
                 	.MACRO __MULBRRU0
                 	MUL  R@0,R@1
                 	.ENDM
                 
                 	.MACRO __MULBNWRU
                 	LDI  R26,@2
                 	MUL  R26,R@0
                 	MOVW R30,R0
                 	MUL  R26,R@1
                 	ADD  R31,R0
                 	.ENDM
                 
                 ;NAME DEFINITIONS FOR GLOBAL VARIABLES ALLOCATED TO REGISTERS
                 	.DEF _time_count=R5
                 	.DEF _tmp_index=R4
                 	.DEF _lcd_mode=R7
                 	.DEF _count=R6
                 
                 	.CSEG
                 	.ORG 0x00
                 
                 ;START OF CODE MARKER
                 __START_OF_CODE:
                 
                 ;INTERRUPT VECTORS
000000 940c 0071 	JMP  __RESET
000002 940c 0000 	JMP  0x00
000004 940c 0000 	JMP  0x00
000006 940c 0000 	JMP  0x00
000008 940c 0000 	JMP  0x00
00000a 940c 0000 	JMP  0x00
00000c 940c 0000 	JMP  0x00
00000e 940c 0000 	JMP  0x00
000010 940c 0000 	JMP  0x00
000012 940c 0000 	JMP  0x00
000014 940c 0000 	JMP  0x00
000016 940c 0000 	JMP  0x00
000018 940c 0000 	JMP  0x00
00001a 940c 0000 	JMP  0x00
00001c 940c 0000 	JMP  0x00
00001e 940c 0000 	JMP  0x00
000020 940c 0000 	JMP  0x00
000022 940c 0000 	JMP  0x00
000024 940c 0000 	JMP  0x00
000026 940c 0000 	JMP  0x00
000028 940c 0000 	JMP  0x00
00002a 940c 0000 	JMP  0x00
00002c 940c 0000 	JMP  0x00
00002e 940c 0000 	JMP  0x00
000030 940c 0000 	JMP  0x00
000032 940c 0000 	JMP  0x00
000034 940c 0000 	JMP  0x00
000036 940c 0000 	JMP  0x00
000038 940c 0000 	JMP  0x00
00003a 940c 0000 	JMP  0x00
00003c 940c 0000 	JMP  0x00
00003e 940c 0000 	JMP  0x00
000040 940c 0000 	JMP  0x00
000042 940c 0000 	JMP  0x00
000044 940c 0000 	JMP  0x00
                 
                 _tbl10_G100:
000046 2710
000047 03e8
000048 0064
000049 000a      	.DB  0x10,0x27,0xE8,0x3,0x64,0x0,0xA,0x0
00004a 0001      	.DB  0x1,0x0
                 _tbl16_G100:
00004b 1000
00004c 0100
00004d 0010
00004e 0001      	.DB  0x0,0x10,0x0,0x1,0x10,0x0,0x1,0x0
                 
                 ;REGISTER BIT VARIABLES INITIALIZATION
                 __REG_BIT_VARS:
00004f 0000      	.DW  0x0000
                 
                 _0x3:
000050 454d
000051 4147
000052 3231
000053 2038      	.DB  0x4D,0x45,0x47,0x41,0x31,0x32,0x38,0x20
                 _0x4:
000054 4557
000055 434c
000056 4d4f
000057 3a45      	.DB  0x57,0x45,0x4C,0x43,0x4F,0x4D,0x45,0x3A
                 _0x5:
000058 4e43
000059 2d54
00005a 5055
00005b 203a      	.DB  0x43,0x4E,0x54,0x2D,0x55,0x50,0x3A,0x20
                 _0x6:
00005c 4145      	.DB  0x45,0x41
                 _0x7:
00005d 2020
00005e 2020
00005f 2020
C:\Users\qjatn\Desktop\ATMEGA128\LCD_PROGRAM\List\LCD_demoboard.asm(1128): warning: .cseg .db misalignment - padding zero byte
000060 0020      	.DB  0x20,0x20,0x20,0x20,0x20,0x20,0x20
                 
                 __GLOBAL_INI_TBL:
000061 0001      	.DW  0x01
000062 0002      	.DW  0x02
000063 009e      	.DW  __REG_BIT_VARS*2
                 
000064 0008      	.DW  0x08
000065 0500      	.DW  _str_mega128
000066 00a0      	.DW  _0x3*2
                 
000067 0008      	.DW  0x08
000068 0509      	.DW  _str_welcome
000069 00a8      	.DW  _0x4*2
                 
00006a 0008      	.DW  0x08
00006b 0512      	.DW  _str_countup
00006c 00b0      	.DW  _0x5*2
                 
00006d 0002      	.DW  0x02
00006e 051b      	.DW  _str_ea
00006f 00b8      	.DW  _0x6*2
                 
                 _0xFFFFFFFF:
000070 0000      	.DW  0
                 
                 __RESET:
000071 94f8      	CLI
000072 27ee      	CLR  R30
000073 bbec      	OUT  EECR,R30
                 
                 ;INTERRUPT VECTORS ARE PLACED
                 ;AT THE START OF FLASH
000074 e0f1      	LDI  R31,1
000075 bff5      	OUT  MCUCR,R31
000076 bfe5      	OUT  MCUCR,R30
000077 93e0 006c 	STS  XMCRB,R30
                 
                 ;DISABLE WATCHDOG
000079 e1f8      	LDI  R31,0x18
00007a bdf1      	OUT  WDTCR,R31
00007b bde1      	OUT  WDTCR,R30
                 
                 ;CLEAR R2-R14
00007c e08d      	LDI  R24,(14-2)+1
00007d e0a2      	LDI  R26,2
00007e 27bb      	CLR  R27
                 __CLEAR_REG:
00007f 93ed      	ST   X+,R30
000080 958a      	DEC  R24
000081 f7e9      	BRNE __CLEAR_REG
                 
                 ;CLEAR SRAM
000082 e080      	LDI  R24,LOW(__CLEAR_SRAM_SIZE)
000083 e190      	LDI  R25,HIGH(__CLEAR_SRAM_SIZE)
000084 e0a0      	LDI  R26,LOW(__SRAM_START)
000085 e0b1      	LDI  R27,HIGH(__SRAM_START)
                 __CLEAR_SRAM:
000086 93ed      	ST   X+,R30
000087 9701      	SBIW R24,1
000088 f7e9      	BRNE __CLEAR_SRAM
                 
                 ;GLOBAL VARIABLES INITIALIZATION
000089 ece2      	LDI  R30,LOW(__GLOBAL_INI_TBL*2)
00008a e0f0      	LDI  R31,HIGH(__GLOBAL_INI_TBL*2)
                 __GLOBAL_INI_NEXT:
00008b 9185      	LPM  R24,Z+
00008c 9195      	LPM  R25,Z+
00008d 9700      	SBIW R24,0
00008e f061      	BREQ __GLOBAL_INI_END
00008f 91a5      	LPM  R26,Z+
000090 91b5      	LPM  R27,Z+
000091 9005      	LPM  R0,Z+
000092 9015      	LPM  R1,Z+
000093 01bf      	MOVW R22,R30
000094 01f0      	MOVW R30,R0
                 __GLOBAL_INI_LOOP:
000095 9005      	LPM  R0,Z+
000096 920d      	ST   X+,R0
000097 9701      	SBIW R24,1
000098 f7e1      	BRNE __GLOBAL_INI_LOOP
000099 01fb      	MOVW R30,R22
00009a cff0      	RJMP __GLOBAL_INI_NEXT
                 __GLOBAL_INI_END:
                 
00009b bf8b      	OUT  RAMPZ,R24
                 
                 ;HARDWARE STACK POINTER INITIALIZATION
00009c efef      	LDI  R30,LOW(__SRAM_END-__HEAP_SIZE)
00009d bfed      	OUT  SPL,R30
00009e e1e0      	LDI  R30,HIGH(__SRAM_END-__HEAP_SIZE)
00009f bfee      	OUT  SPH,R30
                 
                 ;DATA STACK POINTER INITIALIZATION
0000a0 e0c0      	LDI  R28,LOW(__SRAM_START+__DSTACK_SIZE)
0000a1 e0d5      	LDI  R29,HIGH(__SRAM_START+__DSTACK_SIZE)
                 
0000a2 940c 00de 	JMP  _main
                 
                 	.ESEG
                 	.ORG 0
                 
                 	.DSEG
                 	.ORG 0x500
                 
                 	.CSEG
                 ;#include <mega128.h>
                 	#ifndef __SLEEP_DEFINED__
                 	#define __SLEEP_DEFINED__
                 	.EQU __se_bit=0x20
                 	.EQU __sm_mask=0x1C
                 	.EQU __sm_powerdown=0x10
                 	.EQU __sm_powersave=0x18
                 	.EQU __sm_standby=0x14
                 	.EQU __sm_ext_standby=0x1C
                 	.EQU __sm_adc_noise_red=0x08
                 	.SET power_ctrl_reg=mcucr
                 	#endif
                 ;#include <stdio.h>
                 ;#include <delay.h>
                 ;#include "mydef.h"
                 ;#include "lcd.h"
                 ;
                 ;void update_lcd(void);
                 ;void set_led(u08 n);
                 ;u08 time_count;
                 ;bit time_flag;
                 ;u16 tmp_buf[10];
                 ;u08 tmp_index;
                 ;
                 ;eeprom u08 eep_model=1;
                 ;eeprom u32 eep_average_fuel=0;
                 ;
                 ;volatile u08 buzzer_count;
                 ;
                 ;u08 lcd_mode;
                 ;u08 count;
                 ;
                 ;u08 str_mega128[] = "MEGA128 ";
                 
                 	.DSEG
                 ;u08 str_welcome[] = "WELCOME:";
                 ;
                 ;u08 str_countup[] = "CNT-UP: ";
                 ;u08 str_ea[] = "EA";
                 ;u08 str_blank[] = "       ";
                 ;
                 ;
                 ;void set_led(u08 n) //ON, POSITION
                 ; 0000 001F {
                 
                 	.CSEG
                 _set_led:
                 ; 0000 0020 	switch(n)
                 ;	n -> Y+0
0000a4 81e8      	LD   R30,Y
                 ; 0000 0021 	{
                 ; 0000 0022 	 case 0: PORTF = 0x00;  break;
0000a5 30e0      	CPI  R30,0
0000a6 f421      	BRNE _0xB
0000a7 e0e0      	LDI  R30,LOW(0)
0000a8 93e0 0062 	STS  98,R30
0000aa c032      	RJMP _0xA
                 ; 0000 0023 	 case 1: PORTF = 0x01;  break;
                 _0xB:
0000ab 30e1      	CPI  R30,LOW(0x1)
0000ac f421      	BRNE _0xC
0000ad e0e1      	LDI  R30,LOW(1)
0000ae 93e0 0062 	STS  98,R30
0000b0 c02c      	RJMP _0xA
                 ; 0000 0024 	 case 2: PORTF = 0x03;  break;
                 _0xC:
0000b1 30e2      	CPI  R30,LOW(0x2)
0000b2 f421      	BRNE _0xD
0000b3 e0e3      	LDI  R30,LOW(3)
0000b4 93e0 0062 	STS  98,R30
0000b6 c026      	RJMP _0xA
                 ; 0000 0025 	 case 3: PORTF = 0x07;  break;
                 _0xD:
0000b7 30e3      	CPI  R30,LOW(0x3)
0000b8 f421      	BRNE _0xE
0000b9 e0e7      	LDI  R30,LOW(7)
0000ba 93e0 0062 	STS  98,R30
0000bc c020      	RJMP _0xA
                 ; 0000 0026 	 case 4: PORTF = 0x0F;	break;
                 _0xE:
0000bd 30e4      	CPI  R30,LOW(0x4)
0000be f421      	BRNE _0xF
0000bf e0ef      	LDI  R30,LOW(15)
0000c0 93e0 0062 	STS  98,R30
0000c2 c01a      	RJMP _0xA
                 ; 0000 0027 	 case 5: PORTF = 0x1F;	break;
                 _0xF:
0000c3 30e5      	CPI  R30,LOW(0x5)
0000c4 f421      	BRNE _0x10
0000c5 e1ef      	LDI  R30,LOW(31)
0000c6 93e0 0062 	STS  98,R30
0000c8 c014      	RJMP _0xA
                 ; 0000 0028 	 case 6: PORTF = 0x3F;  break;
                 _0x10:
0000c9 30e6      	CPI  R30,LOW(0x6)
0000ca f421      	BRNE _0x11
0000cb e3ef      	LDI  R30,LOW(63)
0000cc 93e0 0062 	STS  98,R30
0000ce c00e      	RJMP _0xA
                 ; 0000 0029 	 case 7: PORTF = 0x7F;  break;
                 _0x11:
0000cf 30e7      	CPI  R30,LOW(0x7)
0000d0 f421      	BRNE _0x12
0000d1 e7ef      	LDI  R30,LOW(127)
0000d2 93e0 0062 	STS  98,R30
0000d4 c008      	RJMP _0xA
                 ; 0000 002A 	 case 8: PORTF = 0xFF;  break;
                 _0x12:
0000d5 30e8      	CPI  R30,LOW(0x8)
0000d6 f421      	BRNE _0x14
0000d7 efef      	LDI  R30,LOW(255)
0000d8 93e0 0062 	STS  98,R30
0000da c002      	RJMP _0xA
                 ; 0000 002B 	 default: PORTD = 0x01; break;
                 _0x14:
0000db e0e1      	LDI  R30,LOW(1)
0000dc bbe2      	OUT  0x12,R30
                 ; 0000 002C 	}
                 _0xA:
                 ; 0000 002D }
0000dd c0f6      	RJMP _0x2060003
                 ;void main(void)
                 ; 0000 002F {
                 _main:
                 ; 0000 0030 u08 i;
                 ; 0000 0031 
                 ; 0000 0032 	PORTA = 0x00;
                 ;	i -> R17
0000de e0e0      	LDI  R30,LOW(0)
0000df bbeb      	OUT  0x1B,R30
                 ; 0000 0033 	DDRA = 0x00;
0000e0 bbea      	OUT  0x1A,R30
                 ; 0000 0034 
                 ; 0000 0035 	DDRB = 0x40; 		//INPUT MODE AND BUZZER = OUPUT
0000e1 e4e0      	LDI  R30,LOW(64)
0000e2 bbe7      	OUT  0x17,R30
                 ; 0000 0036 	PORTB = 0x0F;           //PULL UP ON
0000e3 e0ef      	LDI  R30,LOW(15)
0000e4 bbe8      	OUT  0x18,R30
                 ; 0000 0037 
                 ; 0000 0038 	PORTC = 0x00;
0000e5 e0e0      	LDI  R30,LOW(0)
0000e6 bbe5      	OUT  0x15,R30
                 ; 0000 0039 	DDRC = 0xFF;
0000e7 efef      	LDI  R30,LOW(255)
0000e8 bbe4      	OUT  0x14,R30
                 ; 0000 003A 
                 ; 0000 003B 	PORTD=0x00; //output all 0 ,PULL UP OFF
0000e9 e0e0      	LDI  R30,LOW(0)
0000ea bbe2      	OUT  0x12,R30
                 ; 0000 003C 	DDRD= (0x01<<7)|(0x01<<6)|(0x01<<5)|(0x01<<4)|(0x01<<3)|(0x01<<2)|(0x01<<1)|(0x01<<0); //all output set
0000eb efef      	LDI  R30,LOW(255)
0000ec bbe1      	OUT  0x11,R30
                 ; 0000 003D 
                 ; 0000 003E 	PORTE = 0x00 | (0x03 << 6);
0000ed ece0      	LDI  R30,LOW(192)
0000ee b9e3      	OUT  0x3,R30
                 ; 0000 003F 	DDRE = 0x00;
0000ef e0e0      	LDI  R30,LOW(0)
0000f0 b9e2      	OUT  0x2,R30
                 ; 0000 0040 
                 ; 0000 0041 	PORTF = 0x00;
0000f1 93e0 0062 	STS  98,R30
                 ; 0000 0042 	DDRF = 0xFF;
0000f3 efef      	LDI  R30,LOW(255)
0000f4 93e0 0061 	STS  97,R30
                 ; 0000 0043 
                 ; 0000 0044 	PORTG = 0x03;
0000f6 e0e3      	LDI  R30,LOW(3)
0000f7 93e0 0065 	STS  101,R30
                 ; 0000 0045 	DDRG = 0x01;
0000f9 e0e1      	LDI  R30,LOW(1)
0000fa 93e0 0064 	STS  100,R30
                 ; 0000 0046 //-----------------------------------------------
                 ; 0000 0047     ASSR=0x00;
0000fc e0e0      	LDI  R30,LOW(0)
0000fd bfe0      	OUT  0x30,R30
                 ; 0000 0048     TCCR0==0x00;
0000fe b7e3      	IN   R30,0x33
0000ff 940e 0200 	CALL SUBOPT_0x0
                 ; 0000 0049     TCNT0=0x00;
000101 bfe2      	OUT  0x32,R30
                 ; 0000 004A     OCR0=0x00;
000102 e0e0      	LDI  R30,LOW(0)
000103 bfe1      	OUT  0x31,R30
                 ; 0000 004B 
                 ; 0000 004C     TCCR1A==0x00;
000104 b5ef      	IN   R30,0x2F
000105 940e 0200 	CALL SUBOPT_0x0
                 ; 0000 004D     TCCR1B=0x00;
000107 bdee      	OUT  0x2E,R30
                 ; 0000 004E     TCNT1H=0x00;
000108 e0e0      	LDI  R30,LOW(0)
000109 bded      	OUT  0x2D,R30
                 ; 0000 004F     TCNT1L=0x00;
00010a bdec      	OUT  0x2C,R30
                 ; 0000 0050     ICR1H=0x00;
00010b bde7      	OUT  0x27,R30
                 ; 0000 0051     ICR1L=0x00;
00010c bde6      	OUT  0x26,R30
                 ; 0000 0052     OCR1AH=0x00;
00010d bdeb      	OUT  0x2B,R30
                 ; 0000 0053     OCR1AL=0x00;
00010e bdea      	OUT  0x2A,R30
                 ; 0000 0054     OCR1BH=0x00;
00010f bde9      	OUT  0x29,R30
                 ; 0000 0055     OCR1BL=0x00;
000110 bde8      	OUT  0x28,R30
                 ; 0000 0056     OCR1CH=0x00;
000111 93e0 0079 	STS  121,R30
                 ; 0000 0057     OCR1CL=0x00;
000113 93e0 0078 	STS  120,R30
                 ; 0000 0058 
                 ; 0000 0059     TCCR2==0x00;
000115 b5e5      	IN   R30,0x25
000116 940e 0200 	CALL SUBOPT_0x0
                 ; 0000 005A     TCNT2=0x00;
000118 bde4      	OUT  0x24,R30
                 ; 0000 005B     OCR2=0x00;
000119 e0e0      	LDI  R30,LOW(0)
00011a bde3      	OUT  0x23,R30
                 ; 0000 005C 
                 ; 0000 005D     TCCR3A==0x00;
00011b 91a0 008b 	LDS  R26,139
00011d 940e 0243 	CALL __EQB12
                 ; 0000 005E     TCCR3B=0x00;
00011f e0e0      	LDI  R30,LOW(0)
000120 93e0 008a 	STS  138,R30
                 ; 0000 005F     TCNT3H=0x00;
000122 93e0 0089 	STS  137,R30
                 ; 0000 0060     TCNT3L=0x00;
000124 93e0 0088 	STS  136,R30
                 ; 0000 0061     ICR3H=0x00;
000126 93e0 0081 	STS  129,R30
                 ; 0000 0062     ICR3L=0x00;
000128 93e0 0080 	STS  128,R30
                 ; 0000 0063     OCR3AH=0x00;
00012a 93e0 0087 	STS  135,R30
                 ; 0000 0064     OCR3AL=0x00;
00012c 93e0 0086 	STS  134,R30
                 ; 0000 0065     OCR3BH=0x00;
00012e 93e0 0085 	STS  133,R30
                 ; 0000 0066     OCR3BL=0x00;
000130 93e0 0084 	STS  132,R30
                 ; 0000 0067     OCR3CH=0x00;
000132 93e0 0083 	STS  131,R30
                 ; 0000 0068     OCR3CL=0x00;
000134 93e0 0082 	STS  130,R30
                 ; 0000 0069 
                 ; 0000 006A     EICRA==0x00;
000136 91a0 006a 	LDS  R26,106
000138 940e 0243 	CALL __EQB12
                 ; 0000 006B     EICRB=0x00;
00013a e0e0      	LDI  R30,LOW(0)
00013b bfea      	OUT  0x3A,R30
                 ; 0000 006C     EIMSK==0x00;
00013c b7e9      	IN   R30,0x39
00013d e0a0      	LDI  R26,LOW(0)
00013e 940e 0243 	CALL __EQB12
                 ; 0000 006D 
                 ; 0000 006E 	EIFR = 0x00 | 0xc0;
000140 ece0      	LDI  R30,LOW(192)
000141 bfe8      	OUT  0x38,R30
                 ; 0000 006F 
                 ; 0000 0070     TIMSK=0x00;
000142 e0e0      	LDI  R30,LOW(0)
000143 bfe7      	OUT  0x37,R30
                 ; 0000 0071     ETIMSK=0x00;
000144 93e0 007d 	STS  125,R30
                 ; 0000 0072 
                 ; 0000 0073     UCSR0B=0x00;
000146 b9ea      	OUT  0xA,R30
                 ; 0000 0074     UCSR1B==0x00;
000147 91a0 009a 	LDS  R26,154
000149 940e 0243 	CALL __EQB12
                 ; 0000 0075     ACSR=0x08;
00014b e0e8      	LDI  R30,LOW(8)
00014c b9e8      	OUT  0x8,R30
                 ; 0000 0076     SFIOR==0x00;
00014d b5e0      	IN   R30,0x20
00014e e0a0      	LDI  R26,LOW(0)
00014f 940e 0243 	CALL __EQB12
                 ; 0000 0077 
                 ; 0000 0078     ADCSRA==0x00;
000151 b1e6      	IN   R30,0x6
000152 940e 0243 	CALL __EQB12
                 ; 0000 0079     SPCR==0x00;
000154 b1ed      	IN   R30,0xD
000155 940e 0243 	CALL __EQB12
                 ; 0000 007A 
                 ; 0000 007B     TWCR==0x00;
000157 91a0 0074 	LDS  R26,116
000159 e0e0      	LDI  R30,LOW(0)
00015a 940e 0243 	CALL __EQB12
                 ; 0000 007C //**********************************************
                 ; 0000 007D 
                 ; 0000 007E 	lcd_mode = 1;
00015c e0e1      	LDI  R30,LOW(1)
00015d 2e7e      	MOV  R7,R30
                 ; 0000 007F 
                 ; 0000 0080 	lcd_init();
00015e d077      	RCALL _lcd_init
                 ; 0000 0081     lcd_clear();
00015f d08a      	RCALL _lcd_clear
                 ; 0000 0082 	lcd_home();
000160 d087      	RCALL _lcd_home
                 ; 0000 0083 
                 ; 0000 0084     lcd_control_write(0x80);
000161 e8e0      	LDI  R30,LOW(128)
000162 93ea      	ST   -Y,R30
000163 d05e      	RCALL _lcd_control_write
                 ; 0000 0085 	lcd_print_data(str_welcome,8);
000164 e0e9      	LDI  R30,LOW(_str_welcome)
000165 e0f5      	LDI  R31,HIGH(_str_welcome)
000166 940e 0205 	CALL SUBOPT_0x1
                 ; 0000 0086 
                 ; 0000 0087     delay_ms(500);
000168 940e 020b 	CALL SUBOPT_0x2
                 ; 0000 0088 
                 ; 0000 0089     lcd_control_write(0xC0);
00016a ece0      	LDI  R30,LOW(192)
00016b 93ea      	ST   -Y,R30
00016c d055      	RCALL _lcd_control_write
                 ; 0000 008A     lcd_print_data(str_mega128,8);
00016d e0e0      	LDI  R30,LOW(_str_mega128)
00016e e0f5      	LDI  R31,HIGH(_str_mega128)
00016f 940e 0205 	CALL SUBOPT_0x1
                 ; 0000 008B 	delay_ms(3000);
000171 940e 0211 	CALL SUBOPT_0x3
                 ; 0000 008C 	delay_ms(3000);
000173 940e 0211 	CALL SUBOPT_0x3
                 ; 0000 008D 
                 ; 0000 008E 	lcd_home();
000175 d072      	RCALL _lcd_home
                 ; 0000 008F 	lcd_clear();
000176 d073      	RCALL _lcd_clear
                 ; 0000 0090 
                 ; 0000 0091     lcd_control_write(0x80);
000177 e8e0      	LDI  R30,LOW(128)
000178 93ea      	ST   -Y,R30
000179 d048      	RCALL _lcd_control_write
                 ; 0000 0092     lcd_print_data(str_countup,8);
00017a e1e2      	LDI  R30,LOW(_str_countup)
00017b e0f5      	LDI  R31,HIGH(_str_countup)
00017c 940e 0205 	CALL SUBOPT_0x1
                 ; 0000 0093     lcd_control_write(0xC5);
00017e ece5      	LDI  R30,LOW(197)
00017f 93ea      	ST   -Y,R30
000180 d041      	RCALL _lcd_control_write
                 ; 0000 0094     lcd_print_data(str_ea,2);
000181 e1eb      	LDI  R30,LOW(_str_ea)
000182 e0f5      	LDI  R31,HIGH(_str_ea)
000183 93fa      	ST   -Y,R31
000184 93ea      	ST   -Y,R30
000185 e0e2      	LDI  R30,LOW(2)
000186 93ea      	ST   -Y,R30
000187 d066      	RCALL _lcd_print_data
                 ; 0000 0095 
                 ; 0000 0096 //	#asm("sei")
                 ; 0000 0097 
                 ; 0000 0098     count = 0;
000188 2466      	CLR  R6
                 ; 0000 0099 
                 ; 0000 009A 	while (1)
                 _0x15:
                 ; 0000 009B 	{
                 ; 0000 009C 	    for(i=1;i<9;i++) {set_led(i);delay_ms(100);}
000189 e011      	LDI  R17,LOW(1)
                 _0x19:
00018a 3019      	CPI  R17,9
00018b f420      	BRSH _0x1A
00018c 940e 0217 	CALL SUBOPT_0x4
00018e 5f1f      	SUBI R17,-1
00018f cffa      	RJMP _0x19
                 _0x1A:
                 ; 0000 009D //	    BUZZER_ON;
                 ; 0000 009E //	    delay_ms(200);
                 ; 0000 009F //      BUZZER_OFF;
                 ; 0000 00A0 
                 ; 0000 00A1         for(i=8;i>0;i--) {set_led(i);delay_ms(100);}
000190 e018      	LDI  R17,LOW(8)
                 _0x1C:
000191 3011      	CPI  R17,1
000192 f020      	BRLO _0x1D
000193 940e 0217 	CALL SUBOPT_0x4
000195 5011      	SUBI R17,1
000196 cffa      	RJMP _0x1C
                 _0x1D:
                 ; 0000 00A2     	BUZZER_ON;
000197 9ac6      	SBI  0x18,6
                 ; 0000 00A3     	delay_ms(200);
000198 ece8      	LDI  R30,LOW(200)
000199 e0f0      	LDI  R31,HIGH(200)
00019a 940e 0220 	CALL SUBOPT_0x5
                 ; 0000 00A4         BUZZER_OFF;
00019c 98c6      	CBI  0x18,6
                 ; 0000 00A5 
                 ; 0000 00A6         count = count+1;
00019d 9463      	INC  R6
                 ; 0000 00A7         if (count>9) count = 0;
00019e e0e9      	LDI  R30,LOW(9)
00019f 15e6      	CP   R30,R6
0001a0 f408      	BRSH _0x22
0001a1 2466      	CLR  R6
                 ; 0000 00A8 
                 ; 0000 00A9         lcd_control_write(0xC1);
                 _0x22:
0001a2 ece1      	LDI  R30,LOW(193)
0001a3 93ea      	ST   -Y,R30
0001a4 d01d      	RCALL _lcd_control_write
                 ; 0000 00AA         lcd_data_write(0x30+count); //ASCII CODE
0001a5 2de6      	MOV  R30,R6
0001a6 5de0      	SUBI R30,-LOW(48)
0001a7 93ea      	ST   -Y,R30
0001a8 d01c      	RCALL _lcd_data_write
                 ; 0000 00AB 	    delay_ms(500);
0001a9 940e 020b 	CALL SUBOPT_0x2
                 ; 0000 00AC 
                 ; 0000 00AD 	};
0001ab cfdd      	RJMP _0x15
                 ; 0000 00AE }
                 _0x23:
0001ac cfff      	RJMP _0x23
                 ;
                 ;
                 ;
                 ;/*************************************************************/
                 ;/*                 LCD CONTROL  ROUTINE                      */
                 ;/*************************************************************/
                 ;#include <mega128.h>
                 	#ifndef __SLEEP_DEFINED__
                 	#endif
                 ;#include "mydef.h"
                 ;#include "lcd.h"
                 ;
                 ;void lcd_init_HW(void)
                 ; 0001 0009 {
                 
                 	.CSEG
                 ; 0001 000A 	// initialize LCD control lines
                 ; 0001 000B 	LCD_RS_0;
                 ; 0001 000C 	LCD_RW_0;
                 ; 0001 000D 	LCD_E_0;
                 ; 0001 000E 	// initialize LCD control lines to output
                 ; 0001 000F 	LCD_RS_1;
                 ; 0001 0010 	LCD_RW_1;
                 ; 0001 0011 	LCD_E_1;
                 ; 0001 0012 	// initialize LCD data port to input
                 ; 0001 0013 	// initialize LCD data lines to pull-up
                 ; 0001 0014 	LCD_DATA_POUT = 0xFF;
                 ; 0001 0015 	LCD_DATA_DDR = 0x00;
                 ; 0001 0016 }
                 ;
                 ;void lcd_busy_wait(void)
                 ; 0001 0019 {
                 _lcd_busy_wait:
                 ; 0001 001A 	LCD_RS_0;                // set RS to "control"
0001ad 98af      	CBI  0x15,7
                 ; 0001 001B 	LCD_DATA_DDR = 0x00;     // set data I/O lines to input (8bit)
0001ae e0e0      	LDI  R30,LOW(0)
0001af bbea      	OUT  0x1A,R30
                 ; 0001 001C 	LCD_DATA_POUT = 0xFF;    // set pull-ups to on (8bit)
0001b0 efef      	LDI  R30,LOW(255)
0001b1 bbeb      	OUT  0x1B,R30
                 ; 0001 001D 	LCD_RW_1;                // set R/W to "read"
0001b2 9aad      	SBI  0x15,5
                 ; 0001 001E 	LCD_E_1;                 // set "E" line
0001b3 9aae      	SBI  0x15,6
                 ; 0001 001F 	LCD_DELAY;               // wait
                +
0001b4 e083     +LDI R24 , LOW ( 3 )
                +__DELAY_USB_LOOP :
0001b5 958a     +DEC R24
0001b6 f7f1     +BRNE __DELAY_USB_LOOP
                 	__DELAY_USB 3
                 ; 0001 0020 
                 ; 0001 0021 	while(LCD_DATA_PIN & (1 << LCD_BUSY))
                 _0x20015:
0001b7 9bcf      	SBIS 0x19,7
0001b8 c007      	RJMP _0x20017
                 ; 0001 0022 	{
                 ; 0001 0023 		LCD_E_0;     // clear "E" line
0001b9 98ae      	CBI  0x15,6
                 ; 0001 0024 		LCD_DELAY;   // wait
0001ba 940e 0224 	CALL SUBOPT_0x6
                 ; 0001 0025 		LCD_DELAY;   // wait
                 ; 0001 0026 		LCD_E_1;     // set "E" line
0001bc 9aae      	SBI  0x15,6
                 ; 0001 0027 		LCD_DELAY;   // wait
0001bd 940e 0224 	CALL SUBOPT_0x6
                 ; 0001 0028 		LCD_DELAY;   // wait
                 ; 0001 0029 	}
0001bf cff7      	RJMP _0x20015
                 _0x20017:
                 ; 0001 002A 	LCD_E_0;         // clear "E" line
0001c0 98ae      	CBI  0x15,6
                 ; 0001 002B }
0001c1 9508      	RET
                 ;
                 ;void lcd_control_write(u08 data)
                 ; 0001 002E {
                 _lcd_control_write:
                 ; 0001 002F 	lcd_busy_wait();     // wait until LCD not busy
                 ;	data -> Y+0
0001c2 dfea      	RCALL _lcd_busy_wait
                 ; 0001 0030 	LCD_RS_0;            // set RS to "control"
0001c3 98af      	CBI  0x15,7
                 ; 0001 0031 	LCD_RW_0;            // set R/W to "write"
0001c4 c002      	RJMP _0x2060002
                 ; 0001 0032 	LCD_E_1;             // set "E" line
                 ; 0001 0033 	LCD_DATA_DDR = 0xFF; // set data I/O lines to output (8bit)
                 ; 0001 0034 	LCD_DATA_POUT = data;// output data, 8bits
                 ; 0001 0035 	LCD_DELAY;           // wait
                 ; 0001 0036 	LCD_DELAY;           // wait
                 ; 0001 0037 	LCD_E_0;             // clear "E" line
                 ; 0001 0038 	LCD_DATA_DDR = 0x00; // set data I/O lines to input (8bit)
                 ; 0001 0039 	LCD_DATA_POUT = 0xFF;// set pull-ups to on (8bit)
                 ; 0001 003A }
                 ;
                 ;u08 lcd_control_read(void)
                 ; 0001 003D {
                 ; 0001 003E u08 data;
                 ; 0001 003F 	lcd_busy_wait();      // wait until LCD not busy
                 ;	data -> R17
                 ; 0001 0040 	LCD_DATA_DDR = 0x00;  // set data I/O lines to input (8bit)
                 ; 0001 0041 	LCD_DATA_POUT = 0xFF; // set pull-ups to on (8bit)
                 ; 0001 0042 	LCD_RS_0;             // set RS to "control"
                 ; 0001 0043 	LCD_RW_1;             // set R/W to "read"
                 ; 0001 0044 	LCD_E_1;              // set "E" line
                 ; 0001 0045 	LCD_DELAY;            // wait
                 ; 0001 0046 	LCD_DELAY;            // wait
                 ; 0001 0047 	data = LCD_DATA_PIN;  // input data, 8bits
                 ; 0001 0048 	LCD_E_0;              // clear "E" line
                 ; 0001 0049 	return data;
                 ; 0001 004A }
                 ;
                 ;void lcd_data_write(u08 data)
                 ; 0001 004D {
                 _lcd_data_write:
                 ; 0001 004E 	lcd_busy_wait();            // wait until LCD not busy
                 ;	data -> Y+0
0001c5 dfe7      	RCALL _lcd_busy_wait
                 ; 0001 004F 	LCD_RS_1;                   // set RS to "data"
0001c6 9aaf      	SBI  0x15,7
                 ; 0001 0050 	LCD_RW_0;                   // set R/W to "write"
                 _0x2060002:
0001c7 98ad      	CBI  0x15,5
                 ; 0001 0051 	LCD_E_1;                    // set "E" line
0001c8 9aae      	SBI  0x15,6
                 ; 0001 0052 	LCD_DATA_DDR = 0xFF;        // set data I/O lines to output (8bit)
0001c9 efef      	LDI  R30,LOW(255)
0001ca bbea      	OUT  0x1A,R30
                 ; 0001 0053 	LCD_DATA_POUT = data;       // output data, 8bits
0001cb 81e8      	LD   R30,Y
0001cc bbeb      	OUT  0x1B,R30
                 ; 0001 0054 	LCD_DELAY;                  // wait
0001cd 940e 0224 	CALL SUBOPT_0x6
                 ; 0001 0055 	LCD_DELAY;                  // wait
                 ; 0001 0056 	LCD_E_0;                    // clear "E" line
0001cf 98ae      	CBI  0x15,6
                 ; 0001 0057 	LCD_DATA_DDR = 0x00;        // set data I/O lines to input (8bit)
0001d0 e0e0      	LDI  R30,LOW(0)
0001d1 bbea      	OUT  0x1A,R30
                 ; 0001 0058 	LCD_DATA_POUT = 0xFF;       // set pull-ups to on (8bit)
0001d2 efef      	LDI  R30,LOW(255)
0001d3 bbeb      	OUT  0x1B,R30
                 ; 0001 0059 }
                 _0x2060003:
0001d4 9621      	ADIW R28,1
0001d5 9508      	RET
                 ;
                 ;/*************************************************************/
                 ;/********************* PUBLIC FUNCTIONS **********************/
                 ;/*************************************************************/
                 ;
                 ;void lcd_init(void)
                 ; 0001 0060 {
                 _lcd_init:
                 ; 0001 0061 //    lcd_init_HW();
                 ; 0001 0062     delay_ms(100);
0001d6 e6e4      	LDI  R30,LOW(100)
0001d7 e0f0      	LDI  R31,HIGH(100)
0001d8 940e 0220 	CALL SUBOPT_0x5
                 ; 0001 0063 
                 ; 0001 0064     // LCD function set
                 ; 0001 0065     lcd_control_write(0x3A);
0001da e3ea      	LDI  R30,LOW(58)
0001db 940e 022b 	CALL SUBOPT_0x7
                 ; 0001 0066     delay_ms(60);
                 ; 0001 0067 
                 ; 0001 0068     // clear LCD
                 ; 0001 0069     lcd_control_write(0x01);
0001dd e0e1      	LDI  R30,LOW(1)
0001de 940e 022b 	CALL SUBOPT_0x7
                 ; 0001 006A     delay_ms(60);   // wait 60ms
                 ; 0001 006B 
                 ; 0001 006C     // set entry mode
                 ; 0001 006D     lcd_control_write(0x0C);
0001e0 e0ec      	LDI  R30,LOW(12)
0001e1 940e 0231 	CALL SUBOPT_0x8
                 ; 0001 006E     delay_ms(20);
                 ; 0001 006F 
                 ; 0001 0070     // move cursor to home
                 ; 0001 0071     lcd_control_write(0x02);
0001e3 e0e2      	LDI  R30,LOW(2)
0001e4 940e 0231 	CALL SUBOPT_0x8
                 ; 0001 0072     delay_ms(20);
                 ; 0001 0073 
                 ; 0001 0074     // set data address to 0
                 ; 0001 0075     lcd_control_write(0x00);
0001e6 e0e0      	LDI  R30,LOW(0)
0001e7 c003      	RJMP _0x2060001
                 ; 0001 0076 
                 ; 0001 0077 }
                 ;
                 ;void lcd_home(void)
                 ; 0001 007A {
                 _lcd_home:
                 ; 0001 007B     // move cursor to home
                 ; 0001 007C     lcd_control_write(0x02);
0001e8 e0e2      	LDI  R30,LOW(2)
0001e9 c001      	RJMP _0x2060001
                 ; 0001 007D }
                 ;
                 ;void lcd_clear(void)
                 ; 0001 0080 {
                 _lcd_clear:
                 ; 0001 0081     // clear LCD
                 ; 0001 0082     lcd_control_write(0x01);
0001ea e0e1      	LDI  R30,LOW(1)
                 _0x2060001:
0001eb 93ea      	ST   -Y,R30
0001ec dfd5      	RCALL _lcd_control_write
                 ; 0001 0083 }
0001ed 9508      	RET
                 ;
                 ;
                 ;void lcd_print_data(u08* data, u08 n_bytes)
                 ; 0001 0087 {
                 _lcd_print_data:
                 ; 0001 0088 u08 i;
                 ; 0001 0089 	// print data
                 ; 0001 008A 	for(i=0; i < n_bytes; i++)
0001ee 931a      	ST   -Y,R17
                 ;	*data -> Y+2
                 ;	n_bytes -> Y+1
                 ;	i -> R17
0001ef e010      	LDI  R17,LOW(0)
                 _0x20037:
0001f0 81e9      	LDD  R30,Y+1
0001f1 171e      	CP   R17,R30
0001f2 f450      	BRSH _0x20038
                 ; 0001 008B 	{
                 ; 0001 008C 		lcd_data_write(data[i]);
0001f3 81aa      	LDD  R26,Y+2
0001f4 81bb      	LDD  R27,Y+2+1
0001f5 27ee      	CLR  R30
0001f6 0fa1      	ADD  R26,R17
0001f7 1fbe      	ADC  R27,R30
0001f8 91ec      	LD   R30,X
0001f9 93ea      	ST   -Y,R30
0001fa dfca      	RCALL _lcd_data_write
                 ; 0001 008D 	}
0001fb 5f1f      	SUBI R17,-1
0001fc cff3      	RJMP _0x20037
                 _0x20038:
                 ; 0001 008E }
0001fd 8118      	LDD  R17,Y+0
0001fe 9624      	ADIW R28,4
0001ff 9508      	RET
                 	#ifndef __SLEEP_DEFINED__
                 	#endif
                 
                 	.CSEG
                 
                 	.CSEG
                 
                 	.CSEG
                 
                 	.DSEG
                 _str_mega128:
000500           	.BYTE 0x9
                 _str_welcome:
000509           	.BYTE 0x9
                 _str_countup:
000512           	.BYTE 0x9
                 _str_ea:
00051b           	.BYTE 0x3
                 
                 	.CSEG
                 ;OPTIMIZER ADDED SUBROUTINE, CALLED 3 TIMES, CODE SIZE REDUCTION:1 WORDS
                 SUBOPT_0x0:
000200 e0a0      	LDI  R26,LOW(0)
000201 940e 0243 	CALL __EQB12
000203 e0e0      	LDI  R30,LOW(0)
000204 9508      	RET
                 
                 ;OPTIMIZER ADDED SUBROUTINE, CALLED 3 TIMES, CODE SIZE REDUCTION:5 WORDS
                 SUBOPT_0x1:
000205 93fa      	ST   -Y,R31
000206 93ea      	ST   -Y,R30
000207 e0e8      	LDI  R30,LOW(8)
000208 93ea      	ST   -Y,R30
000209 940c 01ee 	JMP  _lcd_print_data
                 
                 ;OPTIMIZER ADDED SUBROUTINE, CALLED 2 TIMES, CODE SIZE REDUCTION:1 WORDS
                 SUBOPT_0x2:
00020b efe4      	LDI  R30,LOW(500)
00020c e0f1      	LDI  R31,HIGH(500)
00020d 93fa      	ST   -Y,R31
00020e 93ea      	ST   -Y,R30
00020f 940c 0237 	JMP  _delay_ms
                 
                 ;OPTIMIZER ADDED SUBROUTINE, CALLED 2 TIMES, CODE SIZE REDUCTION:1 WORDS
                 SUBOPT_0x3:
000211 ebe8      	LDI  R30,LOW(3000)
000212 e0fb      	LDI  R31,HIGH(3000)
000213 93fa      	ST   -Y,R31
000214 93ea      	ST   -Y,R30
000215 940c 0237 	JMP  _delay_ms
                 
                 ;OPTIMIZER ADDED SUBROUTINE, CALLED 2 TIMES, CODE SIZE REDUCTION:4 WORDS
                 SUBOPT_0x4:
000217 931a      	ST   -Y,R17
000218 940e 00a4 	CALL _set_led
00021a e6e4      	LDI  R30,LOW(100)
00021b e0f0      	LDI  R31,HIGH(100)
00021c 93fa      	ST   -Y,R31
00021d 93ea      	ST   -Y,R30
00021e 940c 0237 	JMP  _delay_ms
                 
                 ;OPTIMIZER ADDED SUBROUTINE, CALLED 6 TIMES, CODE SIZE REDUCTION:7 WORDS
                 SUBOPT_0x5:
000220 93fa      	ST   -Y,R31
000221 93ea      	ST   -Y,R30
000222 940c 0237 	JMP  _delay_ms
                 
                 ;OPTIMIZER ADDED SUBROUTINE, CALLED 3 TIMES, CODE SIZE REDUCTION:5 WORDS
                 SUBOPT_0x6:
                +
000224 e083     +LDI R24 , LOW ( 3 )
                +__DELAY_USB_LOOP :
000225 958a     +DEC R24
000226 f7f1     +BRNE __DELAY_USB_LOOP
                 	__DELAY_USB 3
                +
000227 e083     +LDI R24 , LOW ( 3 )
                +__DELAY_USB_LOOP :
000228 958a     +DEC R24
000229 f7f1     +BRNE __DELAY_USB_LOOP
                 	__DELAY_USB 3
00022a 9508      	RET
                 
                 ;OPTIMIZER ADDED SUBROUTINE, CALLED 2 TIMES, CODE SIZE REDUCTION:2 WORDS
                 SUBOPT_0x7:
00022b 93ea      	ST   -Y,R30
00022c 940e 01c2 	CALL _lcd_control_write
00022e e3ec      	LDI  R30,LOW(60)
00022f e0f0      	LDI  R31,HIGH(60)
000230 cfef      	RJMP SUBOPT_0x5
                 
                 ;OPTIMIZER ADDED SUBROUTINE, CALLED 2 TIMES, CODE SIZE REDUCTION:2 WORDS
                 SUBOPT_0x8:
000231 93ea      	ST   -Y,R30
000232 940e 01c2 	CALL _lcd_control_write
000234 e1e4      	LDI  R30,LOW(20)
000235 e0f0      	LDI  R31,HIGH(20)
000236 cfe9      	RJMP SUBOPT_0x5
                 
                 
                 	.CSEG
                 _delay_ms:
000237 91e9      	ld   r30,y+
000238 91f9      	ld   r31,y+
000239 9630      	adiw r30,0
00023a f039      	breq __delay_ms1
                 __delay_ms0:
                +
00023b ee88     +LDI R24 , LOW ( 0x3E8 )
00023c e093     +LDI R25 , HIGH ( 0x3E8 )
                +__DELAY_USW_LOOP :
00023d 9701     +SBIW R24 , 1
00023e f7f1     +BRNE __DELAY_USW_LOOP
                 	__DELAY_USW 0x3E8
00023f 95a8      	wdr
000240 9731      	sbiw r30,1
000241 f7c9      	brne __delay_ms0
                 __delay_ms1:
000242 9508      	ret
                 
                 __EQB12:
000243 17ea      	CP   R30,R26
000244 e0e1      	LDI  R30,1
000245 f009      	BREQ __EQB12T
000246 27ee      	CLR  R30
                 __EQB12T:
000247 9508      	RET
                 
                 ;END OF CODE MARKER
                 __END_OF_CODE:


RESOURCE USE INFORMATION
------------------------

Notice:
The register and instruction counts are symbol table hit counts,
and hence implicitly used resources are not counted, eg, the
'lpm' instruction without operands implicitly uses r0 and z,
none of which are counted.

x,y,z are separate entities in the symbol table and are
counted separately from r26..r31 here.

.dseg memory usage only counts static data declared with .byte

ATmega128 register use summary:
r0 :   4 r1 :   1 r2 :   0 r3 :   0 r4 :   0 r5 :   0 r6 :   5 r7 :   1 
r8 :   0 r9 :   0 r10:   0 r11:   0 r12:   0 r13:   0 r14:   0 r15:   0 
r16:   0 r17:  13 r18:   0 r19:   0 r20:   0 r21:   0 r22:   2 r23:   0 
r24:  16 r25:   3 r26:  13 r27:   5 r28:   3 r29:   1 r30: 194 r31:  23 
x  :   4 y  :  34 z  :   7 
Registers used: 17 out of 35 (48.6%)

ATmega128 instruction use summary:
.lds  :   0 .lds.l:   0 .sts  :   0 .sts.l:   0 adc   :   1 add   :   1 
adiw  :   3 and   :   0 andi  :   0 asr   :   0 bclr  :   0 bld   :   0 
brbc  :   0 brbs  :   0 brcc  :   0 brcs  :   0 break :   0 breq  :   3 
brge  :   0 brhc  :   0 brhs  :   0 brid  :   0 brie  :   0 brlo  :   1 
brlt  :   0 brmi  :   0 brne  :  17 brpl  :   0 brsh  :   3 brtc  :   0 
brts  :   0 brvc  :   0 brvs  :   0 bset  :   0 bst   :   0 call  :  33 
cbi   :   7 cbr   :   0 clc   :   0 clh   :   0 cli   :   1 cln   :   0 
clr   :   6 cls   :   0 clt   :   0 clv   :   0 clz   :   0 com   :   0 
cp    :   3 cpc   :   0 cpi   :  11 cpse  :   0 dec   :   4 des   :   0 
elpm  :   0 eor   :   0 fmul  :   0 fmuls :   0 fmulsu:   0 icall :   0 
ijmp  :   0 in    :   7 inc   :   1 jmp   :  41 ld    :   5 ldd   :   4 
ldi   : 102 lds   :   4 lpm   :   7 lsl   :   0 lsr   :   0 mov   :   2 
movw  :   3 mul   :   0 muls  :   0 mulsu :   0 neg   :   0 nop   :   0 
or    :   0 ori   :   0 out   :  44 pop   :   0 push  :   0 rcall :  16 
ret   :   8 reti  :   0 rjmp  :  23 rol   :   0 ror   :   0 sbc   :   0 
sbci  :   0 sbi   :   6 sbic  :   0 sbis  :   1 sbiw  :   5 sbr   :   0 
sbrc  :   0 sbrs  :   0 sec   :   0 seh   :   0 sei   :   0 sen   :   0 
ser   :   0 ses   :   0 set   :   0 sev   :   0 sez   :   0 sleep :   0 
spm   :   0 st    :  29 std   :   0 sts   :  28 sub   :   0 subi  :   4 
swap  :   0 tst   :   0 wdr   :   1 
Instructions used: 35 out of 117 (29.9%)

ATmega128 memory use summary [bytes]:
Segment   Begin    End      Code   Data   Used    Size   Use%
---------------------------------------------------------------
[.cseg] 0x000000 0x000490   1082     86   1168  131072   0.9%
[.dseg] 0x000100 0x00051e      0     30     30    4351   0.7%
[.eseg] 0x000000 0x000000      0      0      0    4096   0.0%

Assembly complete, 0 errors, 5 warnings
